<?xml version="1.0" encoding="UTF-8"?>
<!-- Generated by org.testng.reporters.JUnitReportReporter -->
<testsuite hostname="MIRDUKANNAN" failures="0" tests="1" name="selenium.testDay7.Login" time="25.050" errors="0" timestamp="5 Jun 2023 03:57:19 GMT">
  <testcase classname="selenium.testDay7.Login" name="test" time="25.050"/>
</testsuite> <!-- selenium.testDay7.Login -->
