<?xml version="1.0" encoding="UTF-8"?>
<!-- Generated by org.testng.reporters.JUnitReportReporter -->
<testsuite hostname="MIRDUKANNAN" failures="0" tests="2" name="selenium.testDay7.Ques4" time="9.760" errors="0" timestamp="5 Jun 2023 03:59:28 GMT">
  <testcase classname="selenium.testDay7.Ques4" name="Login" time="5.279"/>
  <testcase classname="selenium.testDay7.Ques4" name="Logout" time="4.481"/>
</testsuite> <!-- selenium.testDay7.Ques4 -->
