<?xml version="1.0" encoding="UTF-8"?>
<!-- Generated by org.testng.reporters.JUnitReportReporter -->
<testsuite hostname="MIRDUKANNAN" failures="0" tests="4" name="selenium.testDay7.Calculator" time="0.009" errors="0" timestamp="2 Jun 2023 06:22:12 GMT">
  <testcase classname="selenium.testDay7.Calculator" name="divide" time="0.002"/>
  <testcase classname="selenium.testDay7.Calculator" name="multiply" time="0.000"/>
  <testcase classname="selenium.testDay7.Calculator" name="addition" time="0.006"/>
  <testcase classname="selenium.testDay7.Calculator" name="subtract" time="0.001"/>
</testsuite> <!-- selenium.testDay7.Calculator -->
