<?xml version="1.0" encoding="UTF-8"?>
<!-- Generated by org.testng.reporters.JUnitReportReporter -->
<testsuite hostname="MIRDUKANNAN" failures="0" tests="4" name="selenium.testDay7.NewTest" time="0.009" errors="0" timestamp="5 Jun 2023 03:57:29 GMT">
  <testcase classname="selenium.testDay7.NewTest" name="description" time="0.001"/>
  <testcase classname="selenium.testDay7.NewTest" name="enable" time="0.006"/>
  <testcase classname="selenium.testDay7.NewTest" name="priority" time="0.002"/>
  <testcase classname="selenium.testDay7.NewTest" name="dependsOn" time="0.000"/>
</testsuite> <!-- selenium.testDay7.NewTest -->
