<?xml version="1.0" encoding="UTF-8"?>
<!-- Generated by org.testng.reporters.JUnitReportReporter -->
<testsuite hostname="MIRDUKANNAN" failures="0" tests="8" name="selenium.seleniumDay9.Ques1" time="0.008" errors="0" timestamp="5 Jun 2023 05:19:27 GMT">
  <testcase classname="selenium.seleniumDay9.Ques1" name="divMethod" time="0.000"/>
  <testcase classname="selenium.seleniumDay9.Ques1" name="subMethod" time="0.000"/>
  <testcase classname="selenium.seleniumDay9.Ques1" name="mulMethod" time="0.000"/>
  <testcase classname="selenium.seleniumDay9.Ques1" name="addMethod" time="0.001"/>
  <testcase classname="selenium.seleniumDay9.Ques1" name="divMethod" time="0.000"/>
  <testcase classname="selenium.seleniumDay9.Ques1" name="addMethod" time="0.005"/>
  <testcase classname="selenium.seleniumDay9.Ques1" name="mulMethod" time="0.001"/>
  <testcase classname="selenium.seleniumDay9.Ques1" name="subMethod" time="0.001"/>
</testsuite> <!-- selenium.seleniumDay9.Ques1 -->
