<?xml version="1.0" encoding="UTF-8"?>
<!-- Generated by org.testng.reporters.JUnitReportReporter -->
<testsuite hostname="MIRDUKANNAN" failures="0" tests="2" name="selenium.seleniumDay9.Ques5" time="0.007" errors="0" timestamp="5 Jun 2023 10:04:02 GMT">
  <testcase classname="selenium.seleniumDay9.Ques5" name="test01" time="0.007"/>
  <testcase classname="selenium.seleniumDay9.Ques5" name="test02" time="0.000"/>
</testsuite> <!-- selenium.seleniumDay9.Ques5 -->
